Determining if the pthread_create exist failed with the following output:
Change Dir: /home/hai/ROS/catkin_ws/src/bebop2_toolbox/bebop2_state_estimator/cmake-build-debug/CMakeFiles/CMakeTmp

Run Build Command(s):/usr/bin/make cmTC_98ca9/fast 
/usr/bin/make -f CMakeFiles/cmTC_98ca9.dir/build.make CMakeFiles/cmTC_98ca9.dir/build
make[1]: Entering directory '/home/hai/ROS/catkin_ws/src/bebop2_toolbox/bebop2_state_estimator/cmake-build-debug/CMakeFiles/CMakeTmp'
Building C object CMakeFiles/cmTC_98ca9.dir/CheckSymbolExists.c.o
/usr/bin/cc    -o CMakeFiles/cmTC_98ca9.dir/CheckSymbolExists.c.o   -c /home/hai/ROS/catkin_ws/src/bebop2_toolbox/bebop2_state_estimator/cmake-build-debug/CMakeFiles/CMakeTmp/CheckSymbolExists.c
Linking C executable cmTC_98ca9
/home/hai/Software/clion-2018.3.1/bin/cmake/linux/bin/cmake -E cmake_link_script CMakeFiles/cmTC_98ca9.dir/link.txt --verbose=1
/usr/bin/cc      -rdynamic CMakeFiles/cmTC_98ca9.dir/CheckSymbolExists.c.o  -o cmTC_98ca9 
CMakeFiles/cmTC_98ca9.dir/CheckSymbolExists.c.o: In function `main':
CheckSymbolExists.c:(.text+0x16): undefined reference to `pthread_create'
collect2: error: ld returned 1 exit status
CMakeFiles/cmTC_98ca9.dir/build.make:86: recipe for target 'cmTC_98ca9' failed
make[1]: *** [cmTC_98ca9] Error 1
make[1]: Leaving directory '/home/hai/ROS/catkin_ws/src/bebop2_toolbox/bebop2_state_estimator/cmake-build-debug/CMakeFiles/CMakeTmp'
Makefile:121: recipe for target 'cmTC_98ca9/fast' failed
make: *** [cmTC_98ca9/fast] Error 2

File /home/hai/ROS/catkin_ws/src/bebop2_toolbox/bebop2_state_estimator/cmake-build-debug/CMakeFiles/CMakeTmp/CheckSymbolExists.c:
/* */
#include <pthread.h>

int main(int argc, char** argv)
{
  (void)argv;
#ifndef pthread_create
  return ((int*)(&pthread_create))[argc];
#else
  (void)argc;
  return 0;
#endif
}

Determining if the function pthread_create exists in the pthreads failed with the following output:
Change Dir: /home/hai/ROS/catkin_ws/src/bebop2_toolbox/bebop2_state_estimator/cmake-build-debug/CMakeFiles/CMakeTmp

Run Build Command(s):/usr/bin/make cmTC_4f882/fast 
/usr/bin/make -f CMakeFiles/cmTC_4f882.dir/build.make CMakeFiles/cmTC_4f882.dir/build
make[1]: Entering directory '/home/hai/ROS/catkin_ws/src/bebop2_toolbox/bebop2_state_estimator/cmake-build-debug/CMakeFiles/CMakeTmp'
Building C object CMakeFiles/cmTC_4f882.dir/CheckFunctionExists.c.o
/usr/bin/cc   -DCHECK_FUNCTION_EXISTS=pthread_create   -o CMakeFiles/cmTC_4f882.dir/CheckFunctionExists.c.o   -c /home/hai/Software/clion-2018.3.1/bin/cmake/linux/share/cmake-3.14/Modules/CheckFunctionExists.c
Linking C executable cmTC_4f882
/home/hai/Software/clion-2018.3.1/bin/cmake/linux/bin/cmake -E cmake_link_script CMakeFiles/cmTC_4f882.dir/link.txt --verbose=1
/usr/bin/cc  -DCHECK_FUNCTION_EXISTS=pthread_create    -rdynamic CMakeFiles/cmTC_4f882.dir/CheckFunctionExists.c.o  -o cmTC_4f882 -lpthreads 
/usr/bin/ld: cannot find -lpthreads
collect2: error: ld returned 1 exit status
CMakeFiles/cmTC_4f882.dir/build.make:86: recipe for target 'cmTC_4f882' failed
make[1]: *** [cmTC_4f882] Error 1
make[1]: Leaving directory '/home/hai/ROS/catkin_ws/src/bebop2_toolbox/bebop2_state_estimator/cmake-build-debug/CMakeFiles/CMakeTmp'
Makefile:121: recipe for target 'cmTC_4f882/fast' failed
make: *** [cmTC_4f882/fast] Error 2


